[2025-04-01 14:56:56] Validating item: acheron shield
[2025-04-01 14:56:56] Current zone: 241
[2025-04-01 14:56:56] Found valid zone entry: Fhelm Jobeizat
[2025-04-01 14:56:56] Found NPC: Fhelm Jobeizat, Index: 251, Server ID: 17764603, Target ID: 4347
[2025-04-01 14:56:56] Found NPC at index: 251 with target ID: 4347
[2025-04-01 14:56:56] Found item in db - Option: 9, Index: 41
[2025-04-01 14:56:56] Result packet created
[2025-04-01 14:56:56] Poking NPC
[2025-04-01 14:56:56] Sending poke packet - Target Index: 251, Target ID: 4347
[2025-04-01 14:56:56] Initial interaction sent
[2025-04-01 14:56:56] Received packet: 0x52
Bytes: 52 04 B4 02 00 00 00 00 00 00 00 00 00 00 00 00 00 00 00 00 00 00 00 00 00 00 00 00 00 00 00 00 00 00 00 00 00 00 00 00 00 00 00 00 00 00 00 00 00 00 00 00 00 00 00 00 00 00 00 00 00 00 00 00 00 00 00 00 00 00 00 00 00 00 00 00 00 00 00 00 00 00 00 00 00 00 00 00 00 00 00 00 00 00 00 00 00 00 00 00 00 00 00 00 00 00 00 00 00 00 00 00 00 00 00 00 00 00 00 00 00 00 00 00 00 00 00 00 00 00 00 00 00 00 00 00 00 00 00 00 00 00 00 00 00 00 00 00 00 00 00 00 00 00 00 00 00 00 00 00 00 00 00 00 00 00 00 00 00 00 00 00 00 00 00 00 00 00 00 00 00 00 00 00 00 00 00 00 00 00 00 00 00 00 00 00 00 00 00 00 00 00 00 00 00 00 00 00 00 00 00 00 00 00 00 00 00 00 00 00 00 00 00 00 00 00 00 00 00 00 00 00 00 00 00 00 00 00 00 00 00 00 00 00 00 00 00 00 00 00 00 00 00 00 00 00 00 00 00 00 00 00 00 00 00 00 00 00 00 00 00 00 00 00 00 00 00 00 00 00 00 00 00 00 00 00 00 00 00 00 00 00 00 00 00 00 00 00 00 00 00 00 00 00 00 00 00 00 00 00 00 00 00 00 00 00 00 00 00 00 00 00 00 00 00 00 00 00 00 00 00 00 00 00 00 00 00 00 00 00 00 00 00 00 00 00 00 00 00 00 00 00 00 00 00 00 00 00 00 00 00 00 00 00 00 00 00 00 00 00 00 00 00 00 00 00 00 00 00 00 00 00 00 00 00 00 00 00 00 00 00 00 00 00 00 00 00 00 00 00 00 00 00 00 00 00 00 00 00 00 00 00 00 00 00 00 00 00 00 00 00 00 00 00 00 00 00 00 00 00 00 00 00 00 00 00 00 00 00 00 00 00 00 00 00 00 00 00 00 00 00 00 00 00 00 00 00 00 00 00 00 00 00 00 00 00 00 00 00 00 00 00 00 00 00 00 00 00 00 00 00 00 00 00 00 00 00 00 00 00 00 00 00 00 00 00 00 00 00 00 00 00 00 00 00 00 00 00 00 00 00 00
[2025-04-01 14:56:56] Found NPC: Fhelm Jobeizat, Index: 251, Server ID: 17764603, Target ID: 4347
[2025-04-01 14:56:57] Sending menu selection packet...
[2025-04-01 14:56:57] Menu Selection Details:
  Target: 4347 (0x10FB)
  Option: 9 (0x9)
  Index: 41 (0x29)
  Target Index: 251 (0xFB)
  Menu ID: 850 (0x352)
[2025-04-01 14:56:57] Menu selection packet sent
[2025-04-01 14:56:59] Menu Selection Details:
  Target: 4347 (0x10FB)
  Option: 0 (0x0)
  Index: 0 (0x0)
  Target Index: 251 (0xFB)
  Menu ID: 850 (0x352)
[2025-04-01 14:56:59] Exit packet sent
[2025-04-01 14:58:29] Validating item: acheron shield
[2025-04-01 14:58:29] Current zone: 241
[2025-04-01 14:58:29] Found valid zone entry: Fhelm Jobeizat
[2025-04-01 14:58:29] Found NPC: Fhelm Jobeizat, Index: 251, Server ID: 17764603, Target ID: 4347
[2025-04-01 14:58:29] Found NPC at index: 251 with target ID: 4347
[2025-04-01 14:58:29] Found item in db - Option: 9, Index: 41
[2025-04-01 14:58:29] Result packet created
[2025-04-01 14:58:29] Poking NPC
[2025-04-01 14:58:29] Sending poke packet - Target Index: 251, Target ID: 4347
[2025-04-01 14:58:29] Initial interaction sent
[2025-04-01 14:58:30] Received packet: 0x52
Bytes: 52 04 14 04 00 00 00 00 00 00 00 00 00 00 00 00 00 00 00 00 00 00 00 00 00 00 00 00 00 00 00 00 00 00 00 00 00 00 00 00 00 00 00 00 00 00 00 00 00 00 00 00 00 00 00 00 00 00 00 00 00 00 00 00 00 00 00 00 00 00 00 00 00 00 00 00 00 00 00 00 00 00 00 00 00 00 00 00 00 00 00 00 00 00 00 00 00 00 00 00 00 00 00 00 00 00 00 00 00 00 00 00 00 00 00 00 00 00 00 00 00 00 00 00 00 00 00 00 00 00 00 00 00 00 00 00 00 00 00 00 00 00 00 00 00 00 00 00 00 00 00 00 00 00 00 00 00 00 00 00 00 00 00 00 00 00 00 00 00 00 00 00 00 00 00 00 00 00 00 00 00 00 00 00 00 00 00 00 00 00 00 00 00 00 00 00 00 00 00 00 00 00 00 00 00 00 00 00 00 00 00 00 00 00 00 00 00 00 00 00 00 00 00 00 00 00 00 00 00 00 00 00 00 00 00 00 00 00 00 00 00 00 00 00 00 00 00 00 00 00 00 00 00 00 00 00 00 00 00 00 00 00 00 00 00 00 00 00 00 00 00 00 00 00 00 00 00 00 00 00 00 00 00 00 00 00 00 00 00 00 00 00 00 00 00 00 00 00 00 00 00 00 00 00 00 00 00 00 00 00 00 00 00 00 00 00 00 00 00 00 00 00 00 00 00 00 00 00 00 00 00 00 00 00 00 00 00 00 00 00 00 00 00 00 00 00 00 00 00 00 00 00 00 00 00 00 00 00 00 00 00 00 00 00 00 00 00 00 00 00 00 00 00 00 00 00 00 00 00 00 00 00 00 00 00 00 00 00 00 00 00 00 00 00 00 00 00 00 00 00 00 00 00 00 00 00 00 00 00 00 00 00 00 00 00 00 00 00 00 00 00 00 00 00 00 00 00 00 00 00 00 00 00 00 00 00 00 00 00 00 00 00 00 00 00 00 00 00 00 00 00 00 00 00 00 00 00 00 00 00 00 00 00 00 00 00 00 00 00 00 00 00 00 00 00 00 00 00 00 00 00 00 00 00 00 00 00 00 00 00 00 00 00 00 00 00 00 00 00 00 00 00 00 00 00 00 00 00 00 00 00 00
[2025-04-01 14:58:30] Found NPC: Fhelm Jobeizat, Index: 251, Server ID: 17764603, Target ID: 4347
[2025-04-01 14:58:30] Sending menu selection packet...
[2025-04-01 14:58:30] Menu Selection Details:
  Target: 4347 (0x10FB)
  Option: 9 (0x9)
  Index: 41 (0x29)
  Target Index: 251 (0xFB)
  Menu ID: 850 (0x352)
[2025-04-01 14:58:30] Menu selection packet sent
[2025-04-01 14:58:32] Menu Selection Details:
  Target: 4347 (0x10FB)
  Option: 0 (0x0)
  Index: 0 (0x0)
  Target Index: 251 (0xFB)
  Menu ID: 850 (0x352)
[2025-04-01 14:58:32] Exit packet sent
[2025-04-01 14:58:39] Recorded purchases saved
[2025-04-01 14:58:57] Menu Selection Details:
  Target: 4347 (0x10FB)
  Option: 9 (0x9)
  Index: 41 (0x29)
  Target Index: 251 (0xFB)
  Menu ID: 850 (0x352)
[2025-04-01 14:59:16] Menu Selection Details:
  Target: 4347 (0x10FB)
  Option: 9 (0x9)
  Index: 41 (0x29)
  Target Index: 251 (0xFB)
  Menu ID: 850 (0x352)
[2025-04-01 14:59:19] Menu Selection Details:
  Target: 4347 (0x10FB)
  Option: 0 (0x0)
  Index: 0 (0x0)
  Target Index: 251 (0xFB)
  Menu ID: 850 (0x352)
[2025-04-01 14:59:57] Recorded purchases loaded
[2025-04-01 15:00:00] Validating item: acheron shield
[2025-04-01 15:00:00] Current zone: 241
[2025-04-01 15:00:00] Found valid zone entry: Fhelm Jobeizat
[2025-04-01 15:00:00] Found NPC: Fhelm Jobeizat, Index: 251, Server ID: 17764603, Target ID: 4347
[2025-04-01 15:00:00] Found NPC at index: 251 with target ID: 4347
[2025-04-01 15:00:00] Found item in db - Option: 9, Index: 41
[2025-04-01 15:00:00] Result packet created
[2025-04-01 15:00:00] Poking NPC
[2025-04-01 15:00:00] Sending poke packet - Target Index: 251, Target ID: 4347
[2025-04-01 15:00:00] Initial interaction sent
[2025-04-01 15:00:01] Received packet: 0x52
Bytes: 52 04 6A 05 00 00 00 00 00 00 00 00 00 00 00 00 00 00 00 00 00 00 00 00 00 00 00 00 00 00 00 00 00 00 00 00 00 00 00 00 00 00 00 00 00 00 00 00 00 00 00 00 00 00 00 00 00 00 00 00 00 00 00 00 00 00 00 00 00 00 00 00 00 00 00 00 00 00 00 00 00 00 00 00 00 00 00 00 00 00 00 00 00 00 00 00 00 00 00 00 00 00 00 00 00 00 00 00 00 00 00 00 00 00 00 00 00 00 00 00 00 00 00 00 00 00 00 00 00 00 00 00 00 00 00 00 00 00 00 00 00 00 00 00 00 00 00 00 00 00 00 00 00 00 00 00 00 00 00 00 00 00 00 00 00 00 00 00 00 00 00 00 00 00 00 00 00 00 00 00 00 00 00 00 00 00 00 00 00 00 00 00 00 00 00 00 00 00 00 00 00 00 00 00 00 00 00 00 00 00 00 00 00 00 00 00 00 00 00 00 00 00 00 00 00 00 00 00 00 00 00 00 00 00 00 00 00 00 00 00 00 00 00 00 00 00 00 00 00 00 00 00 00 00 00 00 00 00 00 00 00 00 00 00 00 00 00 00 00 00 00 00 00 00 00 00 00 00 00 00 00 00 00 00 00 00 00 00 00 00 00 00 00 00 00 00 00 00 00 00 00 00 00 00 00 00 00 00 00 00 00 00 00 00 00 00 00 00 00 00 00 00 00 00 00 00 00 00 00 00 00 00 00 00 00 00 00 00 00 00 00 00 00 00 00 00 00 00 00 00 00 00 00 00 00 00 00 00 00 00 00 00 00 00 00 00 00 00 00 00 00 00 00 00 00 00 00 00 00 00 00 00 00 00 00 00 00 00 00 00 00 00 00 00 00 00 00 00 00 00 00 00 00 00 00 00 00 00 00 00 00 00 00 00 00 00 00 00 00 00 00 00 00 00 00 00 00 00 00 00 00 00 00 00 00 00 00 00 00 00 00 00 00 00 00 00 00 00 00 00 00 00 00 00 00 00 00 00 00 00 00 00 00 00 00 00 00 00 00 00 00 00 00 00 00 00 00 00 00 00 00 00 00 00 00 00 00 00 00 00 00 00 00 00 00 00 00 00 00 00 00 00 00 00 00 00 00 00 00 00 00 00
[2025-04-01 15:00:01] Found NPC: Fhelm Jobeizat, Index: 251, Server ID: 17764603, Target ID: 4347
[2025-04-01 15:00:01] Sending menu selection packet...
[2025-04-01 15:00:01] Menu Selection Details:
  Target: 4347 (0x10FB)
  Option: 9 (0x9)
  Index: 41 (0x29)
  Target Index: 251 (0xFB)
  Menu ID: 850 (0x352)
[2025-04-01 15:00:01] Menu selection packet sent
[2025-04-01 15:00:03] Menu Selection Details:
  Target: 4347 (0x10FB)
  Option: 0 (0x0)
  Index: 0 (0x0)
  Target Index: 251 (0xFB)
  Menu ID: 850 (0x352)
[2025-04-01 15:00:03] Exit packet sent
[2025-04-01 15:00:07] Recorded purchases saved
[2025-04-01 15:00:21] Menu Selection Details:
  Target: 4347 (0x10FB)
  Option: 9 (0x9)
  Index: 41 (0x29)
  Target Index: 251 (0xFB)
  Menu ID: 850 (0x352)
[2025-04-01 15:00:35] Menu Selection Details:
  Target: 4347 (0x10FB)
  Option: 0 (0x0)
  Index: 0 (0x0)
  Target Index: 251 (0xFB)
  Menu ID: 850 (0x352)
[2025-04-01 15:06:17] Recorded purchases loaded
[2025-04-01 15:06:24] Received packet: 0x34
[2025-04-01 15:06:24] Received packet: 0x37
[2025-04-01 15:06:25] Received packet: 0x67
[2025-04-01 15:07:18] Recorded purchases loaded
[2025-04-01 15:07:26] Received packet: 0x34
[2025-04-01 15:07:26] Received packet: 0x37
[2025-04-01 15:07:27] Received packet: 0x67
[2025-04-01 15:07:27] Found NPC: Fhelm Jobeizat, Index: 251, Server ID: 17764603, Target ID: 4347
[2025-04-01 15:07:57] Repeating recorded purchase: shield
[2025-04-01 15:07:57] Sending poke packet - Target Index: 251, Target ID: 4347
[2025-04-01 15:07:57] Received packet: 0x52
Bytes: 52 04 71 0C 00 00 00 00 00 00 00 00 00 00 00 00 00 00 00 00 00 00 00 00 00 00 00 00 00 00 00 00 00 00 00 00 00 00 00 00 00 00 00 00 00 00 00 00 00 00 00 00 00 00 00 00 00 00 00 00 00 00 00 00 00 00 00 00 00 00 00 00 00 00 00 00 00 00 00 00 00 00 00 00 00 00 00 00 00 00 00 00 00 00 00 00 00 00 00 00 00 00 00 00 00 00 00 00 00 00 00 00 00 00 00 00 00 00 00 00 00 00 00 00 00 00 00 00 00 00 00 00 00 00 00 00 00 00 00 00 00 00 00 00 00 00 00 00 00 00 00 00 00 00 00 00 00 00 00 00 00 00 00 00 00 00 00 00 00 00 00 00 00 00 00 00 00 00 00 00 00 00 00 00 00 00 00 00 00 00 00 00 00 00 00 00 00 00 00 00 00 00 00 00 00 00 00 00 00 00 00 00 00 00 00 00 00 00 00 00 00 00 00 00 00 00 00 00 00 00 00 00 00 00 00 00 00 00 00 00 00 00 00 00 00 00 00 00 00 00 00 00 00 00 00 00 00 00 00 00 00 00 00 00 00 00 00 00 00 00 00 00 00 00 00 00 00 00 00 00 00 00 00 00 00 00 00 00 00 00 00 00 00 00 00 00 00 00 00 00 00 00 00 00 00 00 00 00 00 00 00 00 00 00 00 00 00 00 00 00 00 00 00 00 00 00 00 00 00 00 00 00 00 00 00 00 00 00 00 00 00 00 00 00 00 00 00 00 00 00 00 00 00 00 00 00 00 00 00 00 00 00 00 00 00 00 00 00 00 00 00 00 00 00 00 00 00 00 00 00 00 00 00 00 00 00 00 00 00 00 00 00 00 00 00 00 00 00 00 00 00 00 00 00 00 00 00 00 00 00 00 00 00 00 00 00 00 00 00 00 00 00 00 00 00 00 00 00 00 00 00 00 00 00 00 00 00 00 00 00 00 00 00 00 00 00 00 00 00 00 00 00 00 00 00 00 00 00 00 00 00 00 00 00 00 00 00 00 00 00 00 00 00 00 00 00 00 00 00 00 00 00 00 00 00 00 00 00 00 00 00 00 00 00 00 00 00 00 00 00 00 00 00 00 00 00 00 00 00 00 00 00
[2025-04-01 15:07:57] Found NPC: Fhelm Jobeizat, Index: 251, Server ID: 17764603, Target ID: 4347
[2025-04-01 15:07:58] Sending menu selection packet...
[2025-04-01 15:07:58] Menu selection packet sent
[2025-04-01 15:09:51] Recorded purchases loaded from: C:\Users\chris\GitHub\ashita-ffxi\/config/addons/sparks/recorded_purchases.json
[2025-04-01 15:10:05] Received packet: 0x34
[2025-04-01 15:10:05] Received packet: 0x37
[2025-04-01 15:10:06] Received packet: 0x67
[2025-04-01 15:10:06] Found NPC: Fhelm Jobeizat, Index: 251, Server ID: 17764603, Target ID: 4347
[2025-04-01 15:10:06] Purchase completion packet received
[2025-04-01 15:10:06] Received packet: 0x67
[2025-04-01 15:10:06] Found NPC: Fhelm Jobeizat, Index: 251, Server ID: 17764603, Target ID: 4347
[2025-04-01 15:10:06] Purchase completion packet received
[2025-04-01 15:10:22] Captured Purchase Details:
  Target: 4347 (0x10FB)
  Option: 9 (0x9)
  Index: 41 (0x29)
  Target Index: 251 (0xFB)
  Menu ID: 850 (0x352)
[2025-04-01 15:10:22] Received packet: 0x4F
[2025-04-01 15:10:22] Received packet: 0x51
[2025-04-01 15:10:22] Received packet: 0x2A
[2025-04-01 15:10:22] Received packet: 0x5C
[2025-04-01 15:10:22] Received packet: 0x1E
[2025-04-01 15:10:22] Received packet: 0x20
[2025-04-01 15:10:22] Received packet: 0x1D
[2025-04-01 15:10:22] Received packet: 0x1F
[2025-04-01 15:10:22] Received packet: 0x1F
[2025-04-01 15:10:22] Received packet: 0x1F
[2025-04-01 15:10:22] Received packet: 0x1F
[2025-04-01 15:10:22] Received packet: 0x1F
[2025-04-01 15:10:22] Received packet: 0x1F
[2025-04-01 15:10:22] Received packet: 0x1F
[2025-04-01 15:10:22] Received packet: 0x1D
[2025-04-01 15:10:22] Received packet: 0x1F
[2025-04-01 15:10:22] Received packet: 0x1F
[2025-04-01 15:10:22] Received packet: 0x1F
[2025-04-01 15:10:22] Received packet: 0x1F
[2025-04-01 15:10:22] Received packet: 0x1F
[2025-04-01 15:10:22] Received packet: 0x1F
[2025-04-01 15:10:22] Received packet: 0x1F
[2025-04-01 15:10:22] Received packet: 0x1F
[2025-04-01 15:10:22] Received packet: 0x1D
[2025-04-01 15:10:22] Received packet: 0x1E
[2025-04-01 15:10:22] Received packet: 0x1D
[2025-04-01 15:10:22] Received packet: 0x1E
[2025-04-01 15:10:22] Received packet: 0x1D
[2025-04-01 15:10:22] Received packet: 0x1D
[2025-04-01 15:10:22] Received packet: 0x50
[2025-04-01 15:10:22] Received packet: 0x50
[2025-04-01 15:10:22] Received packet: 0x50
[2025-04-01 15:10:22] Received packet: 0x50
[2025-04-01 15:10:22] Received packet: 0x50
[2025-04-01 15:10:22] Received packet: 0x50
[2025-04-01 15:10:22] Received packet: 0x50
[2025-04-01 15:10:22] Received packet: 0x50
[2025-04-01 15:10:22] Received packet: 0x50
[2025-04-01 15:10:22] Received packet: 0x50
[2025-04-01 15:10:22] Received packet: 0x50
[2025-04-01 15:10:22] Received packet: 0x50
[2025-04-01 15:10:22] Received packet: 0x50
[2025-04-01 15:10:22] Received packet: 0x50
[2025-04-01 15:10:22] Received packet: 0x50
[2025-04-01 15:10:22] Received packet: 0x52
Bytes: 52 04 92 0E 01 00 00 00 00 00 00 00 00 00 00 00 00 00 00 00 00 00 00 00 00 00 00 00 00 00 00 00 00 00 00 00 00 00 00 00 00 00 00 00 00 00 00 00 00 00 00 00 00 00 00 00 00 00 00 00 00 00 00 00 00 00 00 00 00 00 00 00 00 00 00 00 00 00 00 00 00 00 00 00 00 00 00 00 00 00 00 00 00 00 00 00 00 00 00 00 00 00 00 00 00 00 00 00 00 00 00 00 00 00 00 00 00 00 00 00 00 00 00 00 00 00 00 00 00 00 00 00 00 00 00 00 00 00 00 00 00 00 00 00 00 00 00 00 00 00 00 00 00 00 00 00 00 00 00 00 00 00 00 00 00 00 00 00 00 00 00 00 00 00 00 00 00 00 00 00 00 00 00 00 00 00 00 00 00 00 00 00 00 00 00 00 00 00 00 00 00 00 00 00 00 00 00 00 00 00 00 00 00 00 00 00 00 00 00 00 00 00 00 00 00 00 00 00 00 00 00 00 00 00 00 00 00 00 00 00 00 00 00 00 00 00 00 00 00 00 00 00 00 00 00 00 00 00 00 00 00 00 00 00 00 00 00 00 00 00 00 00 00 00 00 00 00 00 00 00 00 00 00 00 00 00 00 00 00 00 00 00 00 00 00 00 00 00 00 00 00 00 00 00 00 00 00 00 00 00 00 00 00 00 00 00 00 00 00 00 00 00 00 00 00 00 00 00 00 00 00 00 00 00 00 00 00 00 00 00 00 00 00 00 00 00 00 00 00 00 00 00 00 00 00 00 00 00 00 00 00 00 00 00 00 00 00 00 00 00 00 00 00 00 00 00 00 00 00 00 00 00 00 00 00 00 00 00 00 00 00 00 00 00 00 00 00 00 00 00 00 00 00 00 00 00 00 00 00 00 00 00 00 00 00 00 00 00 00 00 00 00 00 00 00 00 00 00 00 00 00 00 00 00 00 00 00 00 00 00 00 00 00 00 00 00 00 00 00 00 00 00 00 00 00 00 00 00 00 00 00 00 00 00 00 00 00 00 00 00 00 00 00 00 00 00 00 00 00 00 00 00 00 00 00 00 00 00 00 00 00 00 00 00 00 00 00 00 00 00 00 00 00 00 00 00 00 00 00 00 00 00
[2025-04-01 15:10:22] Found NPC: Fhelm Jobeizat, Index: 251, Server ID: 17764603, Target ID: 4347
[2025-04-01 15:10:22] Received packet: 0x110
[2025-04-01 15:10:22] Sending menu selection packet...
[2025-04-01 15:10:22] Captured Purchase Details:
  Target: 4347 (0x10FB)
  Option: 9 (0x9)
  Index: 41 (0x29)
  Target Index: 251 (0xFB)
  Menu ID: 850 (0x352)
[2025-04-01 15:10:22] Menu selection packet sent
[2025-04-01 15:10:24] Captured Purchase Details:
  Target: 4347 (0x10FB)
  Option: 0 (0x0)
  Index: 0 (0x0)
  Target Index: 251 (0xFB)
  Menu ID: 850 (0x352)
[2025-04-01 15:10:24] Exit packet sent
[2025-04-01 15:10:24] Recorded purchases saved to: C:\Users\chris\GitHub\ashita-ffxi\/config/addons/sparks/recorded_purchases.json
[2025-04-01 15:11:15] Repeating recorded purchase: shield
[2025-04-01 15:11:15] Sending poke packet - Target Index: 251, Target ID: 4347
[2025-04-01 15:12:39] Recorded purchases loaded from: C:\Users\chris\GitHub\ashita-ffxi\/config/addons/sparks/recorded_purchases.json
[2025-04-01 15:12:45] Received packet: 0x34
[2025-04-01 15:12:46] Received packet: 0x37
[2025-04-01 15:12:47] Received packet: 0x67
[2025-04-01 15:12:47] Found NPC: Fhelm Jobeizat, Index: 251, Server ID: 17764603, Target ID: 4347
[2025-04-01 15:12:47] Purchase completion packet received
[2025-04-01 15:13:00] Captured Purchase Details:
  Target: 4347 (0x10FB)
  Option: 9 (0x9)
  Index: 41 (0x29)
  Target Index: 251 (0xFB)
  Menu ID: 850 (0x352)
[2025-04-01 15:13:00] Received packet: 0x4F
[2025-04-01 15:13:00] Received packet: 0x51
[2025-04-01 15:13:00] Received packet: 0x2A
[2025-04-01 15:13:00] Received packet: 0x5C
[2025-04-01 15:13:00] Received packet: 0x1E
[2025-04-01 15:13:00] Received packet: 0x20
[2025-04-01 15:13:00] Received packet: 0x1D
[2025-04-01 15:13:00] Received packet: 0x1F
[2025-04-01 15:13:00] Received packet: 0x1F
[2025-04-01 15:13:00] Received packet: 0x1F
[2025-04-01 15:13:00] Received packet: 0x1F
[2025-04-01 15:13:00] Received packet: 0x1F
[2025-04-01 15:13:00] Received packet: 0x1F
[2025-04-01 15:13:00] Received packet: 0x1F
[2025-04-01 15:13:00] Received packet: 0x1D
[2025-04-01 15:13:00] Received packet: 0x1F
[2025-04-01 15:13:00] Received packet: 0x1F
[2025-04-01 15:13:00] Received packet: 0x1F
[2025-04-01 15:13:00] Received packet: 0x1F
[2025-04-01 15:13:00] Received packet: 0x1F
[2025-04-01 15:13:00] Received packet: 0x1F
[2025-04-01 15:13:00] Received packet: 0x1F
[2025-04-01 15:13:00] Received packet: 0x1F
[2025-04-01 15:13:00] Received packet: 0x1D
[2025-04-01 15:13:00] Received packet: 0x1E
[2025-04-01 15:13:00] Received packet: 0x1D
[2025-04-01 15:13:00] Received packet: 0x1E
[2025-04-01 15:13:00] Received packet: 0x1D
[2025-04-01 15:13:00] Received packet: 0x1D
[2025-04-01 15:13:00] Received packet: 0x50
[2025-04-01 15:13:00] Received packet: 0x50
[2025-04-01 15:13:00] Received packet: 0x50
[2025-04-01 15:13:00] Received packet: 0x50
[2025-04-01 15:13:00] Received packet: 0x50
[2025-04-01 15:13:00] Received packet: 0x50
[2025-04-01 15:13:00] Received packet: 0x50
[2025-04-01 15:13:00] Received packet: 0x50
[2025-04-01 15:13:00] Received packet: 0x50
[2025-04-01 15:13:00] Received packet: 0x50
[2025-04-01 15:13:00] Received packet: 0x50
[2025-04-01 15:13:00] Received packet: 0x50
[2025-04-01 15:13:00] Received packet: 0x50
[2025-04-01 15:13:00] Received packet: 0x50
[2025-04-01 15:13:00] Received packet: 0x50
[2025-04-01 15:13:00] Received packet: 0x52
Bytes: 52 04 E8 10 01 00 00 00 00 00 00 00 00 00 00 00 00 00 00 00 00 00 00 00 00 00 00 00 00 00 00 00 00 00 00 00 00 00 00 00 00 00 00 00 00 00 00 00 00 00 00 00 00 00 00 00 00 00 00 00 00 00 00 00 00 00 00 00 00 00 00 00 00 00 00 00 00 00 00 00 00 00 00 00 00 00 00 00 00 00 00 00 00 00 00 00 00 00 00 00 00 00 00 00 00 00 00 00 00 00 00 00 00 00 00 00 00 00 00 00 00 00 00 00 00 00 00 00 00 00 00 00 00 00 00 00 00 00 00 00 00 00 00 00 00 00 00 00 00 00 00 00 00 00 00 00 00 00 00 00 00 00 00 00 00 00 00 00 00 00 00 00 00 00 00 00 00 00 00 00 00 00 00 00 00 00 00 00 00 00 00 00 00 00 00 00 00 00 00 00 00 00 00 00 00 00 00 00 00 00 00 00 00 00 00 00 00 00 00 00 00 00 00 00 00 00 00 00 00 00 00 00 00 00 00 00 00 00 00 00 00 00 00 00 00 00 00 00 00 00 00 00 00 00 00 00 00 00 00 00 00 00 00 00 00 00 00 00 00 00 00 00 00 00 00 00 00 00 00 00 00 00 00 00 00 00 00 00 00 00 00 00 00 00 00 00 00 00 00 00 00 00 00 00 00 00 00 00 00 00 00 00 00 00 00 00 00 00 00 00 00 00 00 00 00 00 00 00 00 00 00 00 00 00 00 00 00 00 00 00 00 00 00 00 00 00 00 00 00 00 00 00 00 00 00 00 00 00 00 00 00 00 00 00 00 00 00 00 00 00 00 00 00 00 00 00 00 00 00 00 00 00 00 00 00 00 00 00 00 00 00 00 00 00 00 00 00 00 00 00 00 00 00 00 00 00 00 00 00 00 00 00 00 00 00 00 00 00 00 00 00 00 00 00 00 00 00 00 00 00 00 00 00 00 00 00 00 00 00 00 00 00 00 00 00 00 00 00 00 00 00 00 00 00 00 00 00 00 00 00 00 00 00 00 00 00 00 00 00 00 00 00 00 00 00 00 00 00 00 00 00 00 00 00 00 00 00 00 00 00 00 00 00 00 00 00 00 00 00 00 00 00 00 00 00 00 00 00 00 00 00 00
[2025-04-01 15:13:00] Found NPC: Fhelm Jobeizat, Index: 251, Server ID: 17764603, Target ID: 4347
[2025-04-01 15:13:00] Received packet: 0x110
[2025-04-01 15:13:01] Sending menu selection packet...
[2025-04-01 15:13:01] Captured Purchase Details:
  Target: 4347 (0x10FB)
  Option: 9 (0x9)
  Index: 41 (0x29)
  Target Index: 251 (0xFB)
  Menu ID: 850 (0x352)
[2025-04-01 15:13:01] Menu selection packet sent
[2025-04-01 15:13:03] Captured Purchase Details:
  Target: 4347 (0x10FB)
  Option: 0 (0x0)
  Index: 0 (0x0)
  Target Index: 251 (0xFB)
  Menu ID: 850 (0x352)
[2025-04-01 15:13:03] Exit packet sent
[2025-04-01 15:13:03] Recorded purchases saved to: C:\Users\chris\GitHub\ashita-ffxi\/config/addons/sparks/recorded_purchases.json
[2025-04-01 15:13:15] Repeating recorded purchase: shield
[2025-04-01 15:13:15] Sending poke packet - Target Index: 251, Target ID: 4347
[2025-04-01 15:13:15] Received packet: 0x52
Bytes: 52 04 20 11 00 00 00 00 00 00 00 00 00 00 00 00 00 00 00 00 00 00 00 00 00 00 00 00 00 00 00 00 00 00 00 00 00 00 00 00 00 00 00 00 00 00 00 00 00 00 00 00 00 00 00 00 00 00 00 00 00 00 00 00 00 00 00 00 00 00 00 00 00 00 00 00 00 00 00 00 00 00 00 00 00 00 00 00 00 00 00 00 00 00 00 00 00 00 00 00 00 00 00 00 00 00 00 00 00 00 00 00 00 00 00 00 00 00 00 00 00 00 00 00 00 00 00 00 00 00 00 00 00 00 00 00 00 00 00 00 00 00 00 00 00 00 00 00 00 00 00 00 00 00 00 00 00 00 00 00 00 00 00 00 00 00 00 00 00 00 00 00 00 00 00 00 00 00 00 00 00 00 00 00 00 00 00 00 00 00 00 00 00 00 00 00 00 00 00 00 00 00 00 00 00 00 00 00 00 00 00 00 00 00 00 00 00 00 00 00 00 00 00 00 00 00 00 00 00 00 00 00 00 00 00 00 00 00 00 00 00 00 00 00 00 00 00 00 00 00 00 00 00 00 00 00 00 00 00 00 00 00 00 00 00 00 00 00 00 00 00 00 00 00 00 00 00 00 00 00 00 00 00 00 00 00 00 00 00 00 00 00 00 00 00 00 00 00 00 00 00 00 00 00 00 00 00 00 00 00 00 00 00 00 00 00 00 00 00 00 00 00 00 00 00 00 00 00 00 00 00 00 00 00 00 00 00 00 00 00 00 00 00 00 00 00 00 00 00 00 00 00 00 00 00 00 00 00 00 00 00 00 00 00 00 00 00 00 00 00 00 00 00 00 00 00 00 00 00 00 00 00 00 00 00 00 00 00 00 00 00 00 00 00 00 00 00 00 00 00 00 00 00 00 00 00 00 00 00 00 00 00 00 00 00 00 00 00 00 00 00 00 00 00 00 00 00 00 00 00 00 00 00 00 00 00 00 00 00 00 00 00 00 00 00 00 00 00 00 00 00 00 00 00 00 00 00 00 00 00 00 00 00 00 00 00 00 00 00 00 00 00 00 00 00 00 00 00 00 00 00 00 00 00 00 00 00 00 00 00 00 00 00 00 00 00 00 00 00 00 00 00 00 00 00 00 00 00 00 00 00 00
[2025-04-01 15:13:15] Found NPC: Fhelm Jobeizat, Index: 251, Server ID: 17764603, Target ID: 4347
[2025-04-01 15:13:16] Sending menu selection packet...
[2025-04-01 15:13:16] Captured Purchase Details:
  Target: 4347 (0x10FB)
  Option: 0 (0x0)
  Index: 0 (0x0)
  Target Index: 251 (0xFB)
  Menu ID: 850 (0x352)
[2025-04-01 15:13:16] Menu selection packet sent
[2025-04-01 15:13:18] Captured Purchase Details:
  Target: 4347 (0x10FB)
  Option: 0 (0x0)
  Index: 0 (0x0)
  Target Index: 251 (0xFB)
  Menu ID: 850 (0x352)
[2025-04-01 15:13:18] Exit packet sent
[2025-04-01 15:13:24] Repeating recorded purchase: shield
[2025-04-01 15:13:24] Sending poke packet - Target Index: 251, Target ID: 4347
[2025-04-01 15:13:25] Received packet: 0x52
Bytes: 52 04 44 11 00 00 00 00 00 00 00 00 00 00 00 00 00 00 00 00 00 00 00 00 00 00 00 00 00 00 00 00 00 00 00 00 00 00 00 00 00 00 00 00 00 00 00 00 00 00 00 00 00 00 00 00 00 00 00 00 00 00 00 00 00 00 00 00 00 00 00 00 00 00 00 00 00 00 00 00 00 00 00 00 00 00 00 00 00 00 00 00 00 00 00 00 00 00 00 00 00 00 00 00 00 00 00 00 00 00 00 00 00 00 00 00 00 00 00 00 00 00 00 00 00 00 00 00 00 00 00 00 00 00 00 00 00 00 00 00 00 00 00 00 00 00 00 00 00 00 00 00 00 00 00 00 00 00 00 00 00 00 00 00 00 00 00 00 00 00 00 00 00 00 00 00 00 00 00 00 00 00 00 00 00 00 00 00 00 00 00 00 00 00 00 00 00 00 00 00 00 00 00 00 00 00 00 00 00 00 00 00 00 00 00 00 00 00 00 00 00 00 00 00 00 00 00 00 00 00 00 00 00 00 00 00 00 00 00 00 00 00 00 00 00 00 00 00 00 00 00 00 00 00 00 00 00 00 00 00 00 00 00 00 00 00 00 00 00 00 00 00 00 00 00 00 00 00 00 00 00 00 00 00 00 00 00 00 00 00 00 00 00 00 00 00 00 00 00 00 00 00 00 00 00 00 00 00 00 00 00 00 00 00 00 00 00 00 00 00 00 00 00 00 00 00 00 00 00 00 00 00 00 00 00 00 00 00 00 00 00 00 00 00 00 00 00 00 00 00 00 00 00 00 00 00 00 00 00 00 00 00 00 00 00 00 00 00 00 00 00 00 00 00 00 00 00 00 00 00 00 00 00 00 00 00 00 00 00 00 00 00 00 00 00 00 00 00 00 00 00 00 00 00 00 00 00 00 00 00 00 00 00 00 00 00 00 00 00 00 00 00 00 00 00 00 00 00 00 00 00 00 00 00 00 00 00 00 00 00 00 00 00 00 00 00 00 00 00 00 00 00 00 00 00 00 00 00 00 00 00 00 00 00 00 00 00 00 00 00 00 00 00 00 00 00 00 00 00 00 00 00 00 00 00 00 00 00 00 00 00 00 00 00 00 00 00 00 00 00 00 00 00 00 00 00 00 00 00 00 00 00
[2025-04-01 15:13:25] Found NPC: Fhelm Jobeizat, Index: 251, Server ID: 17764603, Target ID: 4347
[2025-04-01 15:13:25] Sending menu selection packet...
[2025-04-01 15:13:25] Captured Purchase Details:
  Target: 4347 (0x10FB)
  Option: 0 (0x0)
  Index: 0 (0x0)
  Target Index: 251 (0xFB)
  Menu ID: 850 (0x352)
[2025-04-01 15:13:25] Menu selection packet sent
[2025-04-01 15:13:27] Captured Purchase Details:
  Target: 4347 (0x10FB)
  Option: 0 (0x0)
  Index: 0 (0x0)
  Target Index: 251 (0xFB)
  Menu ID: 850 (0x352)
[2025-04-01 15:13:27] Exit packet sent
[2025-04-01 15:13:33] Received packet: 0x34
[2025-04-01 15:13:33] Received packet: 0x37
[2025-04-01 15:13:34] Received packet: 0x67
[2025-04-01 15:13:34] Found NPC: Fhelm Jobeizat, Index: 251, Server ID: 17764603, Target ID: 4347
[2025-04-01 15:13:34] Purchase completion packet received
[2025-04-01 15:13:49] Captured Purchase Details:
  Target: 4347 (0x10FB)
  Option: 9 (0x9)
  Index: 41 (0x29)
  Target Index: 251 (0xFB)
  Menu ID: 850 (0x352)
[2025-04-01 15:13:49] Received packet: 0x4F
[2025-04-01 15:13:49] Received packet: 0x51
[2025-04-01 15:13:49] Received packet: 0x2A
[2025-04-01 15:13:49] Received packet: 0x5C
[2025-04-01 15:13:49] Received packet: 0x1E
[2025-04-01 15:13:49] Received packet: 0x20
[2025-04-01 15:13:49] Received packet: 0x1D
[2025-04-01 15:13:49] Received packet: 0x1F
[2025-04-01 15:13:49] Received packet: 0x1F
[2025-04-01 15:13:49] Received packet: 0x1F
[2025-04-01 15:13:49] Received packet: 0x1F
[2025-04-01 15:13:49] Received packet: 0x1F
[2025-04-01 15:13:49] Received packet: 0x1F
[2025-04-01 15:13:49] Received packet: 0x1F
[2025-04-01 15:13:49] Received packet: 0x1D
[2025-04-01 15:13:49] Received packet: 0x1F
[2025-04-01 15:13:49] Received packet: 0x1F
[2025-04-01 15:13:49] Received packet: 0x1F
[2025-04-01 15:13:49] Received packet: 0x1F
[2025-04-01 15:13:49] Received packet: 0x1F
[2025-04-01 15:13:49] Received packet: 0x1F
[2025-04-01 15:13:49] Received packet: 0x1F
[2025-04-01 15:13:49] Received packet: 0x1F
[2025-04-01 15:13:49] Received packet: 0x1D
[2025-04-01 15:13:49] Received packet: 0x1E
[2025-04-01 15:13:49] Received packet: 0x1D
[2025-04-01 15:13:49] Received packet: 0x1E
[2025-04-01 15:13:49] Received packet: 0x1D
[2025-04-01 15:13:49] Received packet: 0x1D
[2025-04-01 15:13:49] Received packet: 0x50
[2025-04-01 15:13:49] Received packet: 0x50
[2025-04-01 15:13:49] Received packet: 0x50
[2025-04-01 15:13:49] Received packet: 0x50
[2025-04-01 15:13:49] Received packet: 0x50
[2025-04-01 15:13:49] Received packet: 0x50
[2025-04-01 15:13:49] Received packet: 0x50
[2025-04-01 15:13:49] Received packet: 0x50
[2025-04-01 15:13:49] Received packet: 0x50
[2025-04-01 15:13:49] Received packet: 0x50
[2025-04-01 15:13:49] Received packet: 0x50
[2025-04-01 15:13:49] Received packet: 0x50
[2025-04-01 15:13:49] Received packet: 0x50
[2025-04-01 15:13:49] Received packet: 0x50
[2025-04-01 15:13:49] Received packet: 0x50
[2025-04-01 15:13:49] Received packet: 0x52
Bytes: 52 04 A0 11 01 00 00 00 00 00 00 00 00 00 00 00 00 00 00 00 00 00 00 00 00 00 00 00 00 00 00 00 00 00 00 00 00 00 00 00 00 00 00 00 00 00 00 00 00 00 00 00 00 00 00 00 00 00 00 00 00 00 00 00 00 00 00 00 00 00 00 00 00 00 00 00 00 00 00 00 00 00 00 00 00 00 00 00 00 00 00 00 00 00 00 00 00 00 00 00 00 00 00 00 00 00 00 00 00 00 00 00 00 00 00 00 00 00 00 00 00 00 00 00 00 00 00 00 00 00 00 00 00 00 00 00 00 00 00 00 00 00 00 00 00 00 00 00 00 00 00 00 00 00 00 00 00 00 00 00 00 00 00 00 00 00 00 00 00 00 00 00 00 00 00 00 00 00 00 00 00 00 00 00 00 00 00 00 00 00 00 00 00 00 00 00 00 00 00 00 00 00 00 00 00 00 00 00 00 00 00 00 00 00 00 00 00 00 00 00 00 00 00 00 00 00 00 00 00 00 00 00 00 00 00 00 00 00 00 00 00 00 00 00 00 00 00 00 00 00 00 00 00 00 00 00 00 00 00 00 00 00 00 00 00 00 00 00 00 00 00 00 00 00 00 00 00 00 00 00 00 00 00 00 00 00 00 00 00 00 00 00 00 00 00 00 00 00 00 00 00 00 00 00 00 00 00 00 00 00 00 00 00 00 00 00 00 00 00 00 00 00 00 00 00 00 00 00 00 00 00 00 00 00 00 00 00 00 00 00 00 00 00 00 00 00 00 00 00 00 00 00 00 00 00 00 00 00 00 00 00 00 00 00 00 00 00 00 00 00 00 00 00 00 00 00 00 00 00 00 00 00 00 00 00 00 00 00 00 00 00 00 00 00 00 00 00 00 00 00 00 00 00 00 00 00 00 00 00 00 00 00 00 00 00 00 00 00 00 00 00 00 00 00 00 00 00 00 00 00 00 00 00 00 00 00 00 00 00 00 00 00 00 00 00 00 00 00 00 00 00 00 00 00 00 00 00 00 00 00 00 00 00 00 00 00 00 00 00 00 00 00 00 00 00 00 00 00 00 00 00 00 00 00 00 00 00 00 00 00 00 00 00 00 00 00 00 00 00 00 00 00 00 00 00 00 00 00 00 00 00 00
[2025-04-01 15:13:49] Found NPC: Fhelm Jobeizat, Index: 251, Server ID: 17764603, Target ID: 4347
[2025-04-01 15:13:49] Received packet: 0x110
[2025-04-01 15:13:50] Sending menu selection packet...
[2025-04-01 15:13:50] Captured Purchase Details:
  Target: 4347 (0x10FB)
  Option: 9 (0x9)
  Index: 41 (0x29)
  Target Index: 251 (0xFB)
  Menu ID: 850 (0x352)
[2025-04-01 15:13:50] Menu selection packet sent
[2025-04-01 15:13:52] Captured Purchase Details:
  Target: 4347 (0x10FB)
  Option: 0 (0x0)
  Index: 0 (0x0)
  Target Index: 251 (0xFB)
  Menu ID: 850 (0x352)
[2025-04-01 15:13:52] Exit packet sent
[2025-04-01 15:14:04] Received packet: 0x67
[2025-04-01 15:14:04] Found NPC: Fhelm Jobeizat, Index: 251, Server ID: 17764603, Target ID: 4347
[2025-04-01 15:14:04] Purchase completion packet received
[2025-04-01 15:14:06] Received packet: 0x67
[2025-04-01 15:14:06] Found NPC: Fhelm Jobeizat, Index: 251, Server ID: 17764603, Target ID: 4347
[2025-04-01 15:14:06] Purchase completion packet received
[2025-04-01 15:14:09] Captured Purchase Details:
  Target: 4347 (0x10FB)
  Option: 0 (0x0)
  Index: 0 (0x0)
  Target Index: 251 (0xFB)
  Menu ID: 850 (0x352)
[2025-04-01 15:14:09] Received packet: 0x52
Bytes: 52 04 ED 11 01 00 00 00 00 00 00 00 00 00 00 00 00 00 00 00 00 00 00 00 00 00 00 00 00 00 00 00 00 00 00 00 00 00 00 00 00 00 00 00 00 00 00 00 00 00 00 00 00 00 00 00 00 00 00 00 00 00 00 00 00 00 00 00 00 00 00 00 00 00 00 00 00 00 00 00 00 00 00 00 00 00 00 00 00 00 00 00 00 00 00 00 00 00 00 00 00 00 00 00 00 00 00 00 00 00 00 00 00 00 00 00 00 00 00 00 00 00 00 00 00 00 00 00 00 00 00 00 00 00 00 00 00 00 00 00 00 00 00 00 00 00 00 00 00 00 00 00 00 00 00 00 00 00 00 00 00 00 00 00 00 00 00 00 00 00 00 00 00 00 00 00 00 00 00 00 00 00 00 00 00 00 00 00 00 00 00 00 00 00 00 00 00 00 00 00 00 00 00 00 00 00 00 00 00 00 00 00 00 00 00 00 00 00 00 00 00 00 00 00 00 00 00 00 00 00 00 00 00 00 00 00 00 00 00 00 00 00 00 00 00 00 00 00 00 00 00 00 00 00 00 00 00 00 00 00 00 00 00 00 00 00 00 00 00 00 00 00 00 00 00 00 00 00 00 00 00 00 00 00 00 00 00 00 00 00 00 00 00 00 00 00 00 00 00 00 00 00 00 00 00 00 00 00 00 00 00 00 00 00 00 00 00 00 00 00 00 00 00 00 00 00 00 00 00 00 00 00 00 00 00 00 00 00 00 00 00 00 00 00 00 00 00 00 00 00 00 00 00 00 00 00 00 00 00 00 00 00 00 00 00 00 00 00 00 00 00 00 00 00 00 00 00 00 00 00 00 00 00 00 00 00 00 00 00 00 00 00 00 00 00 00 00 00 00 00 00 00 00 00 00 00 00 00 00 00 00 00 00 00 00 00 00 00 00 00 00 00 00 00 00 00 00 00 00 00 00 00 00 00 00 00 00 00 00 00 00 00 00 00 00 00 00 00 00 00 00 00 00 00 00 00 00 00 00 00 00 00 00 00 00 00 00 00 00 00 00 00 00 00 00 00 00 00 00 00 00 00 00 00 00 00 00 00 00 00 00 00 00 00 00 00 00 00 00 00 00 00 00 00 00 00 00 00 00 00 00 00
[2025-04-01 15:14:09] Found NPC: Fhelm Jobeizat, Index: 251, Server ID: 17764603, Target ID: 4347
[2025-04-01 15:14:10] Received packet: 0x37
[2025-04-01 15:14:10] Sending menu selection packet...
[2025-04-01 15:14:10] Captured Purchase Details:
  Target: 4347 (0x10FB)
  Option: 0 (0x0)
  Index: 0 (0x0)
  Target Index: 251 (0xFB)
  Menu ID: 850 (0x352)
[2025-04-01 15:14:10] Menu selection packet sent
[2025-04-01 15:14:10] Received packet: 0x67
[2025-04-01 15:14:10] Found NPC: Fhelm Jobeizat, Index: 251, Server ID: 17764603, Target ID: 4347
[2025-04-01 15:14:10] Purchase completion packet received
[2025-04-01 15:14:11] Received packet: 0x67
[2025-04-01 15:14:11] Found NPC: Fhelm Jobeizat, Index: 251, Server ID: 17764603, Target ID: 4347
[2025-04-01 15:14:11] Purchase completion packet received
[2025-04-01 15:14:12] Captured Purchase Details:
  Target: 4347 (0x10FB)
  Option: 0 (0x0)
  Index: 0 (0x0)
  Target Index: 251 (0xFB)
  Menu ID: 850 (0x352)
[2025-04-01 15:14:12] Exit packet sent
[2025-04-01 15:14:31] Received packet: 0xE0
[2025-04-01 15:14:31] Received packet: 0x20
[2025-04-01 15:14:31] Received packet: 0x1D
[2025-04-01 15:14:31] Received packet: 0x1D
[2025-04-01 15:14:31] Received packet: 0x37
[2025-04-01 15:14:32] Received packet: 0x67
[2025-04-01 15:14:32] Found NPC: Fhelm Jobeizat, Index: 251, Server ID: 17764603, Target ID: 4347
[2025-04-01 15:14:32] Purchase completion packet received
[2025-04-01 15:15:11] Received packet: 0x67
[2025-04-01 15:15:11] Found NPC: Fhelm Jobeizat, Index: 251, Server ID: 17764603, Target ID: 4347
[2025-04-01 15:15:11] Purchase completion packet received
[2025-04-01 15:15:56] Recorded purchases loaded from: C:\Users\chris\GitHub\ashita-ffxi\/config/addons/sparks/recorded_purchases.json
[2025-04-01 15:16:04] Repeating recorded purchase: shield
[2025-04-01 15:16:04] Sending poke packet - Target Index: 251, Target ID: 4347
[2025-04-01 15:16:05] Received packet: 0x52
Bytes: 52 04 A0 13 00 00 00 00 00 00 00 00 00 00 00 00 00 00 00 00 00 00 00 00 00 00 00 00 00 00 00 00 00 00 00 00 00 00 00 00 00 00 00 00 00 00 00 00 00 00 00 00 00 00 00 00 00 00 00 00 00 00 00 00 00 00 00 00 00 00 00 00 00 00 00 00 00 00 00 00 00 00 00 00 00 00 00 00 00 00 00 00 00 00 00 00 00 00 00 00 00 00 00 00 00 00 00 00 00 00 00 00 00 00 00 00 00 00 00 00 00 00 00 00 00 00 00 00 00 00 00 00 00 00 00 00 00 00 00 00 00 00 00 00 00 00 00 00 00 00 00 00 00 00 00 00 00 00 00 00 00 00 00 00 00 00 00 00 00 00 00 00 00 00 00 00 00 00 00 00 00 00 00 00 00 00 00 00 00 00 00 00 00 00 00 00 00 00 00 00 00 00 00 00 00 00 00 00 00 00 00 00 00 00 00 00 00 00 00 00 00 00 00 00 00 00 00 00 00 00 00 00 00 00 00 00 00 00 00 00 00 00 00 00 00 00 00 00 00 00 00 00 00 00 00 00 00 00 00 00 00 00 00 00 00 00 00 00 00 00 00 00 00 00 00 00 00 00 00 00 00 00 00 00 00 00 00 00 00 00 00 00 00 00 00 00 00 00 00 00 00 00 00 00 00 00 00 00 00 00 00 00 00 00 00 00 00 00 00 00 00 00 00 00 00 00 00 00 00 00 00 00 00 00 00 00 00 00 00 00 00 00 00 00 00 00 00 00 00 00 00 00 00 00 00 00 00 00 00 00 00 00 00 00 00 00 00 00 00 00 00 00 00 00 00 00 00 00 00 00 00 00 00 00 00 00 00 00 00 00 00 00 00 00 00 00 00 00 00 00 00 00 00 00 00 00 00 00 00 00 00 00 00 00 00 00 00 00 00 00 00 00 00 00 00 00 00 00 00 00 00 00 00 00 00 00 00 00 00 00 00 00 00 00 00 00 00 00 00 00 00 00 00 00 00 00 00 00 00 00 00 00 00 00 00 00 00 00 00 00 00 00 00 00 00 00 00 00 00 00 00 00 00 00 00 00 00 00 00 00 00 00 00 00 00 00 00 00 00 00 00 00 00 00 00 00 00 00 00 00 00 00
[2025-04-01 15:16:05] Found NPC: Fhelm Jobeizat, Index: 251, Server ID: 17764603, Target ID: 4347
[2025-04-01 15:16:05] Sending menu selection packet...
[2025-04-01 15:16:05] Captured Purchase Details:
  Target: 4347 (0x10FB)
  Option: 9 (0x9)
  Index: 41 (0x29)
  Target Index: 251 (0xFB)
  Menu ID: 850 (0x352)
[2025-04-01 15:16:05] Menu selection packet sent
[2025-04-01 15:16:07] Captured Purchase Details:
  Target: 4347 (0x10FB)
  Option: 0 (0x0)
  Index: 0 (0x0)
  Target Index: 251 (0xFB)
  Menu ID: 850 (0x352)
[2025-04-01 15:16:07] Exit packet sent
[2025-04-01 15:16:12] Received packet: 0x34
[2025-04-01 15:16:13] Received packet: 0x37
[2025-04-01 15:16:13] Received packet: 0x67
[2025-04-01 15:16:13] Found NPC: Fhelm Jobeizat, Index: 251, Server ID: 17764603, Target ID: 4347
[2025-04-01 15:16:13] Purchase completion packet received
[2025-04-01 15:16:13] Received packet: 0x67
[2025-04-01 15:16:13] Found NPC: Fhelm Jobeizat, Index: 251, Server ID: 17764603, Target ID: 4347
[2025-04-01 15:16:13] Purchase completion packet received
[2025-04-01 15:16:22] Captured Purchase Details:
  Target: 4347 (0x10FB)
  Option: 9 (0x9)
  Index: 41 (0x29)
  Target Index: 251 (0xFB)
  Menu ID: 850 (0x352)
[2025-04-01 15:16:23] Received packet: 0x4F
[2025-04-01 15:16:23] Received packet: 0x51
[2025-04-01 15:16:23] Received packet: 0x2A
[2025-04-01 15:16:23] Received packet: 0x5C
[2025-04-01 15:16:23] Received packet: 0x1E
[2025-04-01 15:16:23] Received packet: 0x20
[2025-04-01 15:16:23] Received packet: 0x1D
[2025-04-01 15:16:23] Received packet: 0x1F
[2025-04-01 15:16:23] Received packet: 0x1F
[2025-04-01 15:16:23] Received packet: 0x1F
[2025-04-01 15:16:23] Received packet: 0x1F
[2025-04-01 15:16:23] Received packet: 0x1F
[2025-04-01 15:16:23] Received packet: 0x1F
[2025-04-01 15:16:23] Received packet: 0x1F
[2025-04-01 15:16:23] Received packet: 0x1D
[2025-04-01 15:16:23] Received packet: 0x1F
[2025-04-01 15:16:23] Received packet: 0x1F
[2025-04-01 15:16:23] Received packet: 0x1F
[2025-04-01 15:16:23] Received packet: 0x1F
[2025-04-01 15:16:23] Received packet: 0x1F
[2025-04-01 15:16:23] Received packet: 0x1F
[2025-04-01 15:16:23] Received packet: 0x1F
[2025-04-01 15:16:23] Received packet: 0x1F
[2025-04-01 15:16:23] Received packet: 0x1D
[2025-04-01 15:16:23] Received packet: 0x1E
[2025-04-01 15:16:23] Received packet: 0x1D
[2025-04-01 15:16:23] Received packet: 0x1E
[2025-04-01 15:16:23] Received packet: 0x1D
[2025-04-01 15:16:23] Received packet: 0x1D
[2025-04-01 15:16:23] Received packet: 0x50
[2025-04-01 15:16:23] Received packet: 0x50
[2025-04-01 15:16:23] Received packet: 0x50
[2025-04-01 15:16:23] Received packet: 0x50
[2025-04-01 15:16:23] Received packet: 0x50
[2025-04-01 15:16:23] Received packet: 0x50
[2025-04-01 15:16:23] Received packet: 0x50
[2025-04-01 15:16:23] Received packet: 0x50
[2025-04-01 15:16:23] Received packet: 0x50
[2025-04-01 15:16:23] Received packet: 0x50
[2025-04-01 15:16:23] Received packet: 0x50
[2025-04-01 15:16:23] Received packet: 0x50
[2025-04-01 15:16:23] Received packet: 0x50
[2025-04-01 15:16:23] Received packet: 0x50
[2025-04-01 15:16:23] Received packet: 0x50
[2025-04-01 15:16:23] Received packet: 0x52
Bytes: 52 04 E4 13 01 00 00 00 00 00 00 00 00 00 00 00 00 00 00 00 00 00 00 00 00 00 00 00 00 00 00 00 00 00 00 00 00 00 00 00 00 00 00 00 00 00 00 00 00 00 00 00 00 00 00 00 00 00 00 00 00 00 00 00 00 00 00 00 00 00 00 00 00 00 00 00 00 00 00 00 00 00 00 00 00 00 00 00 00 00 00 00 00 00 00 00 00 00 00 00 00 00 00 00 00 00 00 00 00 00 00 00 00 00 00 00 00 00 00 00 00 00 00 00 00 00 00 00 00 00 00 00 00 00 00 00 00 00 00 00 00 00 00 00 00 00 00 00 00 00 00 00 00 00 00 00 00 00 00 00 00 00 00 00 00 00 00 00 00 00 00 00 00 00 00 00 00 00 00 00 00 00 00 00 00 00 00 00 00 00 00 00 00 00 00 00 00 00 00 00 00 00 00 00 00 00 00 00 00 00 00 00 00 00 00 00 00 00 00 00 00 00 00 00 00 00 00 00 00 00 00 00 00 00 00 00 00 00 00 00 00 00 00 00 00 00 00 00 00 00 00 00 00 00 00 00 00 00 00 00 00 00 00 00 00 00 00 00 00 00 00 00 00 00 00 00 00 00 00 00 00 00 00 00 00 00 00 00 00 00 00 00 00 00 00 00 00 00 00 00 00 00 00 00 00 00 00 00 00 00 00 00 00 00 00 00 00 00 00 00 00 00 00 00 00 00 00 00 00 00 00 00 00 00 00 00 00 00 00 00 00 00 00 00 00 00 00 00 00 00 00 00 00 00 00 00 00 00 00 00 00 00 00 00 00 00 00 00 00 00 00 00 00 00 00 00 00 00 00 00 00 00 00 00 00 00 00 00 00 00 00 00 00 00 00 00 00 00 00 00 00 00 00 00 00 00 00 00 00 00 00 00 00 00 00 00 00 00 00 00 00 00 00 00 00 00 00 00 00 00 00 00 00 00 00 00 00 00 00 00 00 00 00 00 00 00 00 00 00 00 00 00 00 00 00 00 00 00 00 00 00 00 00 00 00 00 00 00 00 00 00 00 00 00 00 00 00 00 00 00 00 00 00 00 00 00 00 00 00 00 00 00 00 00 00 00 00 00 00 00 00 00 00 00 00 00 00 00 00 00 00 00
[2025-04-01 15:16:23] Found NPC: Fhelm Jobeizat, Index: 251, Server ID: 17764603, Target ID: 4347
[2025-04-01 15:16:23] Received packet: 0x110
[2025-04-01 15:16:23] Sending menu selection packet...
[2025-04-01 15:16:23] Captured Purchase Details:
  Target: 4347 (0x10FB)
  Option: 9 (0x9)
  Index: 41 (0x29)
  Target Index: 251 (0xFB)
  Menu ID: 850 (0x352)
[2025-04-01 15:16:23] Menu selection packet sent
[2025-04-01 15:16:25] Captured Purchase Details:
  Target: 4347 (0x10FB)
  Option: 9 (0x9)
  Index: 41 (0x29)
  Target Index: 251 (0xFB)
  Menu ID: 850 (0x352)
[2025-04-01 15:16:25] Received packet: 0x4F
[2025-04-01 15:16:25] Received packet: 0x51
[2025-04-01 15:16:25] Received packet: 0x2A
[2025-04-01 15:16:25] Received packet: 0x5C
[2025-04-01 15:16:25] Received packet: 0x1E
[2025-04-01 15:16:25] Received packet: 0x20
[2025-04-01 15:16:25] Received packet: 0x1D
[2025-04-01 15:16:25] Received packet: 0x1F
[2025-04-01 15:16:25] Received packet: 0x1F
[2025-04-01 15:16:25] Received packet: 0x1F
[2025-04-01 15:16:25] Received packet: 0x1F
[2025-04-01 15:16:25] Received packet: 0x1F
[2025-04-01 15:16:25] Received packet: 0x1F
[2025-04-01 15:16:25] Received packet: 0x1F
[2025-04-01 15:16:25] Received packet: 0x1D
[2025-04-01 15:16:25] Received packet: 0x1F
[2025-04-01 15:16:25] Received packet: 0x1F
[2025-04-01 15:16:25] Received packet: 0x1F
[2025-04-01 15:16:25] Received packet: 0x1F
[2025-04-01 15:16:25] Received packet: 0x1F
[2025-04-01 15:16:25] Received packet: 0x1F
[2025-04-01 15:16:25] Received packet: 0x1F
[2025-04-01 15:16:25] Received packet: 0x1F
[2025-04-01 15:16:25] Received packet: 0x1D
[2025-04-01 15:16:25] Received packet: 0x1E
[2025-04-01 15:16:25] Received packet: 0x1D
[2025-04-01 15:16:25] Received packet: 0x1E
[2025-04-01 15:16:25] Received packet: 0x1D
[2025-04-01 15:16:25] Received packet: 0x1D
[2025-04-01 15:16:25] Received packet: 0x50
[2025-04-01 15:16:25] Received packet: 0x50
[2025-04-01 15:16:25] Received packet: 0x50
[2025-04-01 15:16:25] Received packet: 0x50
[2025-04-01 15:16:25] Received packet: 0x50
[2025-04-01 15:16:25] Received packet: 0x50
[2025-04-01 15:16:25] Received packet: 0x50
[2025-04-01 15:16:25] Received packet: 0x50
[2025-04-01 15:16:25] Received packet: 0x50
[2025-04-01 15:16:25] Received packet: 0x50
[2025-04-01 15:16:25] Received packet: 0x50
[2025-04-01 15:16:25] Received packet: 0x50
[2025-04-01 15:16:25] Received packet: 0x50
[2025-04-01 15:16:25] Received packet: 0x50
[2025-04-01 15:16:25] Received packet: 0x50
[2025-04-01 15:16:25] Received packet: 0x52
Bytes: 52 04 ED 13 01 00 00 00 00 00 00 00 00 00 00 00 00 00 00 00 00 00 00 00 00 00 00 00 00 00 00 00 00 00 00 00 00 00 00 00 00 00 00 00 00 00 00 00 00 00 00 00 00 00 00 00 00 00 00 00 00 00 00 00 00 00 00 00 00 00 00 00 00 00 00 00 00 00 00 00 00 00 00 00 00 00 00 00 00 00 00 00 00 00 00 00 00 00 00 00 00 00 00 00 00 00 00 00 00 00 00 00 00 00 00 00 00 00 00 00 00 00 00 00 00 00 00 00 00 00 00 00 00 00 00 00 00 00 00 00 00 00 00 00 00 00 00 00 00 00 00 00 00 00 00 00 00 00 00 00 00 00 00 00 00 00 00 00 00 00 00 00 00 00 00 00 00 00 00 00 00 00 00 00 00 00 00 00 00 00 00 00 00 00 00 00 00 00 00 00 00 00 00 00 00 00 00 00 00 00 00 00 00 00 00 00 00 00 00 00 00 00 00 00 00 00 00 00 00 00 00 00 00 00 00 00 00 00 00 00 00 00 00 00 00 00 00 00 00 00 00 00 00 00 00 00 00 00 00 00 00 00 00 00 00 00 00 00 00 00 00 00 00 00 00 00 00 00 00 00 00 00 00 00 00 00 00 00 00 00 00 00 00 00 00 00 00 00 00 00 00 00 00 00 00 00 00 00 00 00 00 00 00 00 00 00 00 00 00 00 00 00 00 00 00 00 00 00 00 00 00 00 00 00 00 00 00 00 00 00 00 00 00 00 00 00 00 00 00 00 00 00 00 00 00 00 00 00 00 00 00 00 00 00 00 00 00 00 00 00 00 00 00 00 00 00 00 00 00 00 00 00 00 00 00 00 00 00 00 00 00 00 00 00 00 00 00 00 00 00 00 00 00 00 00 00 00 00 00 00 00 00 00 00 00 00 00 00 00 00 00 00 00 00 00 00 00 00 00 00 00 00 00 00 00 00 00 00 00 00 00 00 00 00 00 00 00 00 00 00 00 00 00 00 00 00 00 00 00 00 00 00 00 00 00 00 00 00 00 00 00 00 00 00 00 00 00 00 00 00 00 00 00 00 00 00 00 00 00 00 00 00 00 00 00 00 00 00 00 00 00 00 00 00 00 00 00 00 00 00 00 00
[2025-04-01 15:16:25] Found NPC: Fhelm Jobeizat, Index: 251, Server ID: 17764603, Target ID: 4347
[2025-04-01 15:16:25] Received packet: 0x110
[2025-04-01 15:16:25] Captured Purchase Details:
  Target: 4347 (0x10FB)
  Option: 0 (0x0)
  Index: 0 (0x0)
  Target Index: 251 (0xFB)
  Menu ID: 850 (0x352)
[2025-04-01 15:16:25] Exit packet sent
[2025-04-01 15:16:26] Sending menu selection packet...
[2025-04-01 15:16:26] Captured Purchase Details:
  Target: 4347 (0x10FB)
  Option: 9 (0x9)
  Index: 41 (0x29)
  Target Index: 251 (0xFB)
  Menu ID: 850 (0x352)
[2025-04-01 15:16:26] Menu selection packet sent
[2025-04-01 15:16:27] Captured Purchase Details:
  Target: 4347 (0x10FB)
  Option: 9 (0x9)
  Index: 41 (0x29)
  Target Index: 251 (0xFB)
  Menu ID: 850 (0x352)
[2025-04-01 15:16:27] Received packet: 0x4F
[2025-04-01 15:16:27] Received packet: 0x51
[2025-04-01 15:16:27] Received packet: 0x2A
[2025-04-01 15:16:27] Received packet: 0x5C
[2025-04-01 15:16:27] Received packet: 0x1E
[2025-04-01 15:16:27] Received packet: 0x20
[2025-04-01 15:16:27] Received packet: 0x1D
[2025-04-01 15:16:27] Received packet: 0x1F
[2025-04-01 15:16:27] Received packet: 0x1F
[2025-04-01 15:16:27] Received packet: 0x1F
[2025-04-01 15:16:27] Received packet: 0x1F
[2025-04-01 15:16:27] Received packet: 0x1F
[2025-04-01 15:16:27] Received packet: 0x1F
[2025-04-01 15:16:27] Received packet: 0x1F
[2025-04-01 15:16:27] Received packet: 0x1D
[2025-04-01 15:16:27] Received packet: 0x1F
[2025-04-01 15:16:27] Received packet: 0x1F
[2025-04-01 15:16:27] Received packet: 0x1F
[2025-04-01 15:16:27] Received packet: 0x1F
[2025-04-01 15:16:27] Received packet: 0x1F
[2025-04-01 15:16:27] Received packet: 0x1F
[2025-04-01 15:16:27] Received packet: 0x1F
[2025-04-01 15:16:27] Received packet: 0x1F
[2025-04-01 15:16:27] Received packet: 0x1D
[2025-04-01 15:16:27] Received packet: 0x1E
[2025-04-01 15:16:27] Received packet: 0x1D
[2025-04-01 15:16:27] Received packet: 0x1E
[2025-04-01 15:16:27] Received packet: 0x1D
[2025-04-01 15:16:27] Received packet: 0x1D
[2025-04-01 15:16:27] Received packet: 0x50
[2025-04-01 15:16:27] Received packet: 0x50
[2025-04-01 15:16:27] Received packet: 0x50
[2025-04-01 15:16:27] Received packet: 0x50
[2025-04-01 15:16:27] Received packet: 0x50
[2025-04-01 15:16:27] Received packet: 0x50
[2025-04-01 15:16:27] Received packet: 0x50
[2025-04-01 15:16:27] Received packet: 0x50
[2025-04-01 15:16:27] Received packet: 0x50
[2025-04-01 15:16:27] Received packet: 0x50
[2025-04-01 15:16:27] Received packet: 0x50
[2025-04-01 15:16:27] Received packet: 0x50
[2025-04-01 15:16:27] Received packet: 0x50
[2025-04-01 15:16:27] Received packet: 0x50
[2025-04-01 15:16:27] Received packet: 0x50
[2025-04-01 15:16:27] Received packet: 0x52
Bytes: 52 04 F4 13 01 00 00 00 00 00 00 00 00 00 00 00 00 00 00 00 00 00 00 00 00 00 00 00 00 00 00 00 00 00 00 00 00 00 00 00 00 00 00 00 00 00 00 00 00 00 00 00 00 00 00 00 00 00 00 00 00 00 00 00 00 00 00 00 00 00 00 00 00 00 00 00 00 00 00 00 00 00 00 00 00 00 00 00 00 00 00 00 00 00 00 00 00 00 00 00 00 00 00 00 00 00 00 00 00 00 00 00 00 00 00 00 00 00 00 00 00 00 00 00 00 00 00 00 00 00 00 00 00 00 00 00 00 00 00 00 00 00 00 00 00 00 00 00 00 00 00 00 00 00 00 00 00 00 00 00 00 00 00 00 00 00 00 00 00 00 00 00 00 00 00 00 00 00 00 00 00 00 00 00 00 00 00 00 00 00 00 00 00 00 00 00 00 00 00 00 00 00 00 00 00 00 00 00 00 00 00 00 00 00 00 00 00 00 00 00 00 00 00 00 00 00 00 00 00 00 00 00 00 00 00 00 00 00 00 00 00 00 00 00 00 00 00 00 00 00 00 00 00 00 00 00 00 00 00 00 00 00 00 00 00 00 00 00 00 00 00 00 00 00 00 00 00 00 00 00 00 00 00 00 00 00 00 00 00 00 00 00 00 00 00 00 00 00 00 00 00 00 00 00 00 00 00 00 00 00 00 00 00 00 00 00 00 00 00 00 00 00 00 00 00 00 00 00 00 00 00 00 00 00 00 00 00 00 00 00 00 00 00 00 00 00 00 00 00 00 00 00 00 00 00 00 00 00 00 00 00 00 00 00 00 00 00 00 00 00 00 00 00 00 00 00 00 00 00 00 00 00 00 00 00 00 00 00 00 00 00 00 00 00 00 00 00 00 00 00 00 00 00 00 00 00 00 00 00 00 00 00 00 00 00 00 00 00 00 00 00 00 00 00 00 00 00 00 00 00 00 00 00 00 00 00 00 00 00 00 00 00 00 00 00 00 00 00 00 00 00 00 00 00 00 00 00 00 00 00 00 00 00 00 00 00 00 00 00 00 00 00 00 00 00 00 00 00 00 00 00 00 00 00 00 00 00 00 00 00 00 00 00 00 00 00 00 00 00 00 00 00 00 00 00 00 00 00 00 00 00 00
[2025-04-01 15:16:27] Found NPC: Fhelm Jobeizat, Index: 251, Server ID: 17764603, Target ID: 4347
[2025-04-01 15:16:27] Received packet: 0x110
[2025-04-01 15:16:28] Sending menu selection packet...
[2025-04-01 15:16:28] Captured Purchase Details:
  Target: 4347 (0x10FB)
  Option: 9 (0x9)
  Index: 41 (0x29)
  Target Index: 251 (0xFB)
  Menu ID: 850 (0x352)
[2025-04-01 15:16:28] Menu selection packet sent
[2025-04-01 15:16:28] Captured Purchase Details:
  Target: 4347 (0x10FB)
  Option: 0 (0x0)
  Index: 0 (0x0)
  Target Index: 251 (0xFB)
  Menu ID: 850 (0x352)
[2025-04-01 15:16:28] Exit packet sent
[2025-04-01 15:16:28] Captured Purchase Details:
  Target: 4347 (0x10FB)
  Option: 9 (0x9)
  Index: 41 (0x29)
  Target Index: 251 (0xFB)
  Menu ID: 850 (0x352)
[2025-04-01 15:16:28] Received packet: 0x4F
[2025-04-01 15:16:28] Received packet: 0x51
[2025-04-01 15:16:28] Received packet: 0x2A
[2025-04-01 15:16:28] Received packet: 0x5C
[2025-04-01 15:16:28] Received packet: 0x1E
[2025-04-01 15:16:28] Received packet: 0x20
[2025-04-01 15:16:28] Received packet: 0x1D
[2025-04-01 15:16:28] Received packet: 0x1F
[2025-04-01 15:16:28] Received packet: 0x1F
[2025-04-01 15:16:28] Received packet: 0x1F
[2025-04-01 15:16:28] Received packet: 0x1F
[2025-04-01 15:16:28] Received packet: 0x1F
[2025-04-01 15:16:28] Received packet: 0x1F
[2025-04-01 15:16:28] Received packet: 0x1F
[2025-04-01 15:16:28] Received packet: 0x1D
[2025-04-01 15:16:28] Received packet: 0x1F
[2025-04-01 15:16:28] Received packet: 0x1F
[2025-04-01 15:16:28] Received packet: 0x1F
[2025-04-01 15:16:28] Received packet: 0x1F
[2025-04-01 15:16:28] Received packet: 0x1F
[2025-04-01 15:16:28] Received packet: 0x1F
[2025-04-01 15:16:28] Received packet: 0x1F
[2025-04-01 15:16:28] Received packet: 0x1F
[2025-04-01 15:16:28] Received packet: 0x1D
[2025-04-01 15:16:28] Received packet: 0x1E
[2025-04-01 15:16:28] Received packet: 0x1D
[2025-04-01 15:16:28] Received packet: 0x1E
[2025-04-01 15:16:28] Received packet: 0x1D
[2025-04-01 15:16:28] Received packet: 0x1D
[2025-04-01 15:16:28] Received packet: 0x50
[2025-04-01 15:16:28] Received packet: 0x50
[2025-04-01 15:16:28] Received packet: 0x50
[2025-04-01 15:16:28] Received packet: 0x50
[2025-04-01 15:16:28] Received packet: 0x50
[2025-04-01 15:16:28] Received packet: 0x50
[2025-04-01 15:16:28] Received packet: 0x50
[2025-04-01 15:16:28] Received packet: 0x50
[2025-04-01 15:16:28] Received packet: 0x50
[2025-04-01 15:16:28] Received packet: 0x50
[2025-04-01 15:16:28] Received packet: 0x50
[2025-04-01 15:16:28] Received packet: 0x50
[2025-04-01 15:16:28] Received packet: 0x50
[2025-04-01 15:16:28] Received packet: 0x50
[2025-04-01 15:16:28] Received packet: 0x50
[2025-04-01 15:16:29] Received packet: 0x52
Bytes: 52 04 FA 13 01 00 00 00 00 00 00 00 00 00 00 00 00 00 00 00 00 00 00 00 00 00 00 00 00 00 00 00 00 00 00 00 00 00 00 00 00 00 00 00 00 00 00 00 00 00 00 00 00 00 00 00 00 00 00 00 00 00 00 00 00 00 00 00 00 00 00 00 00 00 00 00 00 00 00 00 00 00 00 00 00 00 00 00 00 00 00 00 00 00 00 00 00 00 00 00 00 00 00 00 00 00 00 00 00 00 00 00 00 00 00 00 00 00 00 00 00 00 00 00 00 00 00 00 00 00 00 00 00 00 00 00 00 00 00 00 00 00 00 00 00 00 00 00 00 00 00 00 00 00 00 00 00 00 00 00 00 00 00 00 00 00 00 00 00 00 00 00 00 00 00 00 00 00 00 00 00 00 00 00 00 00 00 00 00 00 00 00 00 00 00 00 00 00 00 00 00 00 00 00 00 00 00 00 00 00 00 00 00 00 00 00 00 00 00 00 00 00 00 00 00 00 00 00 00 00 00 00 00 00 00 00 00 00 00 00 00 00 00 00 00 00 00 00 00 00 00 00 00 00 00 00 00 00 00 00 00 00 00 00 00 00 00 00 00 00 00 00 00 00 00 00 00 00 00 00 00 00 00 00 00 00 00 00 00 00 00 00 00 00 00 00 00 00 00 00 00 00 00 00 00 00 00 00 00 00 00 00 00 00 00 00 00 00 00 00 00 00 00 00 00 00 00 00 00 00 00 00 00 00 00 00 00 00 00 00 00 00 00 00 00 00 00 00 00 00 00 00 00 00 00 00 00 00 00 00 00 00 00 00 00 00 00 00 00 00 00 00 00 00 00 00 00 00 00 00 00 00 00 00 00 00 00 00 00 00 00 00 00 00 00 00 00 00 00 00 00 00 00 00 00 00 00 00 00 00 00 00 00 00 00 00 00 00 00 00 00 00 00 00 00 00 00 00 00 00 00 00 00 00 00 00 00 00 00 00 00 00 00 00 00 00 00 00 00 00 00 00 00 00 00 00 00 00 00 00 00 00 00 00 00 00 00 00 00 00 00 00 00 00 00 00 00 00 00 00 00 00 00 00 00 00 00 00 00 00 00 00 00 00 00 00 00 00 00 00 00 00 00 00 00 00 00 00 00 00 00 00
[2025-04-01 15:16:29] Found NPC: Fhelm Jobeizat, Index: 251, Server ID: 17764603, Target ID: 4347
[2025-04-01 15:16:29] Received packet: 0x110
[2025-04-01 15:16:29] Sending menu selection packet...
[2025-04-01 15:16:29] Captured Purchase Details:
  Target: 4347 (0x10FB)
  Option: 9 (0x9)
  Index: 41 (0x29)
  Target Index: 251 (0xFB)
  Menu ID: 850 (0x352)
[2025-04-01 15:16:29] Menu selection packet sent
[2025-04-01 15:16:30] Captured Purchase Details:
  Target: 4347 (0x10FB)
  Option: 0 (0x0)
  Index: 0 (0x0)
  Target Index: 251 (0xFB)
  Menu ID: 850 (0x352)
[2025-04-01 15:16:30] Exit packet sent
[2025-04-01 15:16:31] Captured Purchase Details:
  Target: 4347 (0x10FB)
  Option: 0 (0x0)
  Index: 0 (0x0)
  Target Index: 251 (0xFB)
  Menu ID: 850 (0x352)
[2025-04-01 15:16:31] Exit packet sent
